Arguments:
  /opt/homebrew/Cellar/node/19.6.0/bin/node /opt/homebrew/Cellar/yarn/1.22.19/libexec/bin/yarn.js

PATH:
  /Users/chriskellet/Library/pnpm:/Users/chriskellet/.sdkman/candidates/springboot/current/bin:/Users/chriskellet/.jenv/shims:/opt/homebrew/bin:/opt/homebrew/sbin:/usr/local/bin:/System/Cryptexes/App/usr/bin:/usr/bin:/bin:/usr/sbin:/sbin:/Library/Apple/usr/bin

Yarn version:
  1.22.19

Node version:
  19.6.0

Platform:
  darwin arm64

Trace:
  SyntaxError: /Users/chriskellet/kedos/badger-commerce-rest-api-client/package.json: Expected double-quoted property name in JSON at position 163
      at JSON.parse (<anonymous>)
      at /opt/homebrew/Cellar/yarn/1.22.19/libexec/lib/cli.js:1629:59
      at Generator.next (<anonymous>)
      at step (/opt/homebrew/Cellar/yarn/1.22.19/libexec/lib/cli.js:310:30)
      at /opt/homebrew/Cellar/yarn/1.22.19/libexec/lib/cli.js:321:13

npm manifest:
  {
    "author": "Badger Commerce",
    "bugs": {
      "url": "https://github.com/Badger-Commerce/api-client.ts/issues"
    },
    "dependencies": {
      "axios": "^1.3.4",
    },
    "description": "TypeScript API client for Badger Commerce",
    "devDependencies": {
      "@tsconfig/node16": "^1.0.3",
      "@types/node": "^18.11.16",
      "@typescript-eslint/eslint-plugin": "^5.46.1",
      "@typescript-eslint/parser": "^5.46.1",
      "eslint": "^8.29.0",
      "eslint-config-prettier": "^8.5.0",
      "eslint-plugin-import": "^2.26.0",
      "eslint-plugin-jest": "^27.1.7",
      "eslint-plugin-prefer-arrow": "^1.2.3",
      "eslint-plugin-prettier": "^4.2.1",
      "jest": "^29.3.1",
      "jest-cli": "^29.3.1",
      "jest-environment-jsdom": "^29.3.1",
      "jest-expect-message": "^1.1.3",
      "jest-extended": "^3.2.0",
      "jest-junit": "^15.0.0",
      "jest-runner-eslint": "^1.1.0",
      "prettier": "^2.8.1",
      "process": "^0.11.10",
      "prop-types": "^15.8.1",
      "ts-jest": "^29.0.3",
      "ts-node": "^10.9.1",
      "typedoc": "^0.23.22",
      "typescript": "^4.9.4"
    },
    "files": [
      "dist/**/*"
    ],
    "homepage": "https://github.com/Badger-Commerce/api-client.ts#readme",
    "keywords": [
      "api",
      "client",
      "node",
      "badger commerce"
    ],
    "license": "Apache-2.0",
    "main": "dist/index.js",
    "module": "dist/index.js",
    "name": "@badger-commerce/api-client",
    "repository": {
      "type": "git",
      "url": "https://github.com/Badger-Commerce/api-client.ts.git"
    },
    "scripts": {
      "build": "tsc --p tsconfig.json",
      "docs": "typedoc --options typedoc.json --readme none",
      "lint:fix": "eslint . --fix",
      "lint": "eslint .",
      "prepare": "npm run build",
      "preversion": "npm run lint",
      "test": "jest --maxWorkers=4 --config=jest.config.js --ci --reporters=default --reporters=jest-junit"
    },
    "types": "dist/index.d.ts",
    "version": "3.0.6",
    "jest-junit": {
      "outputDirectory": "reports",
      "outputName": "jest-junit.xml",
      "ancestorSeparator": " › ",
      "uniqueOutputName": "false",
      "suiteNameTemplate": "{filepath}",
      "classNameTemplate": "{classname}",
      "titleTemplate": "{title}"
    }
  }

yarn manifest:
  No manifest

Lockfile:
  No lockfile
